  zxy Midi.cpp
D:\Codes and Projects\给zxy的♥\Midi Music\zxy Midi\zxy Midi.cpp(53,58): warning C4244: “参数”: 从“Beating_Heart::db”转换到“int”，可能丢失数据
D:\Codes and Projects\给zxy的♥\Midi Music\zxy Midi\zxy Midi.cpp(53,51): warning C4244: “参数”: 从“Beating_Heart::db”转换到“int”，可能丢失数据
D:\Codes and Projects\给zxy的♥\Midi Music\zxy Midi\zxy Midi.cpp(110,49): warning C4244: “参数”: 从“Beating_Heart::db”转换到“float”，可能丢失数据
D:\Codes and Projects\给zxy的♥\Midi Music\zxy Midi\zxy Midi.cpp(110,60): warning C4305: “参数”: 从“const Beating_Heart::db”到“float”截断
D:\Codes and Projects\给zxy的♥\Midi Music\zxy Midi\zxy Midi.cpp(110,81): warning C4244: “参数”: 从“Beating_Heart::db”转换到“float”，可能丢失数据
D:\Codes and Projects\给zxy的♥\Midi Music\zxy Midi\zxy Midi.cpp(110,87): warning C4305: “参数”: 从“const Beating_Heart::db”到“float”截断
D:\Codes and Projects\给zxy的♥\Midi Music\zxy Midi\zxy Midi.cpp(145,43): warning C4244: “参数”: 从“T”转换到“int”，可能丢失数据
          with
          [
              T=double
          ]
D:\Codes and Projects\给zxy的♥\Midi Music\zxy Midi\zxy Midi.cpp(145,18): warning C4244: “参数”: 从“T”转换到“int”，可能丢失数据
          with
          [
              T=double
          ]
D:\Codes and Projects\给zxy的♥\Midi Music\zxy Midi\zxy Midi.cpp(146,51): warning C4244: “参数”: 从“T”转换到“int”，可能丢失数据
          with
          [
              T=double
          ]
D:\Codes and Projects\给zxy的♥\Midi Music\zxy Midi\zxy Midi.cpp(146,18): warning C4244: “参数”: 从“T”转换到“int”，可能丢失数据
          with
          [
              T=double
          ]
D:\Codes and Projects\给zxy的♥\Midi Music\zxy Midi\zxy Midi.cpp(215,23): warning C4244: “+=”: 从“double”转换到“int”，可能丢失数据
D:\Codes and Projects\给zxy的♥\Midi Music\zxy Midi\zxy Midi.cpp(216,23): warning C4244: “+=”: 从“double”转换到“int”，可能丢失数据
D:\Codes and Projects\给zxy的♥\Midi Music\zxy Midi\zxy Midi.cpp(265,45): warning C4244: “初始化”: 从“double”转换到“int”，可能丢失数据
D:\Codes and Projects\给zxy的♥\Midi Music\zxy Midi\zxy Midi.cpp(277,24): warning C4474: printf: 格式字符串中传递的参数太多
D:\Codes and Projects\给zxy的♥\Midi Music\zxy Midi\zxy Midi.cpp(277,24): message : 占位符和其参数预计 0 可变参数，但提供的却是 1 参数
D:\Codes and Projects\给zxy的♥\Midi Music\zxy Midi\zxy Midi.cpp(406,94): warning C4244: “return”: 从“double”转换到“clock_t”，可能丢失数据
D:\Codes and Projects\给zxy的♥\Midi Music\zxy Midi\zxy Midi.cpp(461,28): warning C4267: “初始化”: 从“size_t”转换到“int”，可能丢失数据
  正在生成代码
  1 of 477 functions ( 0.2%) were compiled, the rest were copied from previous compilation.
    0 functions were new in current compilation
    0 functions had inline decision re-evaluated but remain unchanged
  已完成代码的生成
  zxy Midi.vcxproj -> D:\Codes and Projects\给zxy的♥\Midi Music\zxy Midi\x64\Release\zxy Midi.exe
