  zxy Midi.cpp
D:\Codes and Projects\给zxy的♥\Midi Music\zxy Midi\zxy Midi.cpp(52,58): warning C4244: “参数”: 从“Beating_Heart::db”转换到“int”，可能丢失数据
D:\Codes and Projects\给zxy的♥\Midi Music\zxy Midi\zxy Midi.cpp(52,51): warning C4244: “参数”: 从“Beating_Heart::db”转换到“int”，可能丢失数据
D:\Codes and Projects\给zxy的♥\Midi Music\zxy Midi\zxy Midi.cpp(109,49): warning C4244: “参数”: 从“Beating_Heart::db”转换到“float”，可能丢失数据
D:\Codes and Projects\给zxy的♥\Midi Music\zxy Midi\zxy Midi.cpp(109,60): warning C4305: “参数”: 从“const Beating_Heart::db”到“float”截断
D:\Codes and Projects\给zxy的♥\Midi Music\zxy Midi\zxy Midi.cpp(109,81): warning C4244: “参数”: 从“Beating_Heart::db”转换到“float”，可能丢失数据
D:\Codes and Projects\给zxy的♥\Midi Music\zxy Midi\zxy Midi.cpp(109,87): warning C4305: “参数”: 从“const Beating_Heart::db”到“float”截断
D:\Codes and Projects\给zxy的♥\Midi Music\zxy Midi\zxy Midi.cpp(144,43): warning C4244: “参数”: 从“T”转换到“int”，可能丢失数据
          with
          [
              T=double
          ]
D:\Codes and Projects\给zxy的♥\Midi Music\zxy Midi\zxy Midi.cpp(144,18): warning C4244: “参数”: 从“T”转换到“int”，可能丢失数据
          with
          [
              T=double
          ]
D:\Codes and Projects\给zxy的♥\Midi Music\zxy Midi\zxy Midi.cpp(145,51): warning C4244: “参数”: 从“T”转换到“int”，可能丢失数据
          with
          [
              T=double
          ]
D:\Codes and Projects\给zxy的♥\Midi Music\zxy Midi\zxy Midi.cpp(145,18): warning C4244: “参数”: 从“T”转换到“int”，可能丢失数据
          with
          [
              T=double
          ]
D:\Codes and Projects\给zxy的♥\Midi Music\zxy Midi\zxy Midi.cpp(214,23): warning C4244: “+=”: 从“double”转换到“int”，可能丢失数据
D:\Codes and Projects\给zxy的♥\Midi Music\zxy Midi\zxy Midi.cpp(215,23): warning C4244: “+=”: 从“double”转换到“int”，可能丢失数据
D:\Codes and Projects\给zxy的♥\Midi Music\zxy Midi\zxy Midi.cpp(393,94): warning C4244: “return”: 从“double”转换到“clock_t”，可能丢失数据
D:\Codes and Projects\给zxy的♥\Midi Music\zxy Midi\zxy Midi.cpp(444,28): warning C4267: “初始化”: 从“size_t”转换到“int”，可能丢失数据
  zxy Midi.vcxproj -> D:\Codes and Projects\给zxy的♥\Midi Music\zxy Midi\x64\Debug\zxy Midi.exe
